<!DOCTYPE html>

<html>
  <head>
  <meta charset='utf-8'>
  <title>TestNG reports</title>

    <link type="text/css" href="testng-reports1.css" rel="stylesheet" id="ultra" />
    <link type="text/css" href="testng-reports.css" rel="stylesheet" id="retro" disabled="false"/>
    <script type="text/javascript" src="jquery-3.6.0.min.js"></script>
    <script type="text/javascript" src="testng-reports.js"></script>
    <script type="text/javascript" src="https://www.google.com/jsapi"></script>
    <script type='text/javascript'>
      google.load('visualization', '1', {packages:['table']});
      google.setOnLoadCallback(drawTable);
      var suiteTableInitFunctions = new Array();
      var suiteTableData = new Array();
    </script>
    <!--
      <script type="text/javascript" src="jquery-ui/js/jquery-ui-1.8.16.custom.min.js"></script>
     -->
  </head>

  <body>    <div class="top-banner-root">
      <span class="top-banner-title-font">Test results</span>
      <button id="button" class="button">Switch Retro Theme</button> <!-- button -->
      <br/>
      <span class="top-banner-font-1">1 suite, 2 failed tests</span>
    </div> <!-- top-banner-root -->
    <div class="navigator-root">
      <div class="navigator-suite-header">
        <span>All suites</span>
        <a href="#" title="Collapse/expand all the suites" class="collapse-all-link">
          <img src="collapseall.gif" class="collapse-all-icon">
          </img> <!-- collapse-all-icon -->
        </a> <!-- collapse-all-link -->
      </div> <!-- navigator-suite-header -->
      <div class="suite">
        <div class="rounded-window">
          <div class="suite-header light-rounded-window-top">
            <a href="#" panel-name="suite-Suite" class="navigator-link">
              <span class="suite-name border-failed">Suite</span>
            </a> <!-- navigator-link -->
          </div> <!-- suite-header light-rounded-window-top -->
          <div class="navigator-suite-content">
            <div class="suite-section-title">
              <span>Info</span>
            </div> <!-- suite-section-title -->
            <div class="suite-section-content">
              <ul>
                <li>
                  <a href="#" panel-name="test-xml-Suite" class="navigator-link ">
                    <span>C:\Users\Prem\Desktop\API_Automation\RestAssuredTest\src\test\resources\testng.xml</span>
                  </a> <!-- navigator-link  -->
                </li>
                <li>
                  <a href="#" panel-name="testlist-Suite" class="navigator-link ">
                    <span class="test-stats">1 test</span>
                  </a> <!-- navigator-link  -->
                </li>
                <li>
                  <a href="#" panel-name="group-Suite" class="navigator-link ">
                    <span>0 groups</span>
                  </a> <!-- navigator-link  -->
                </li>
                <li>
                  <a href="#" panel-name="times-Suite" class="navigator-link ">
                    <span>Times</span>
                  </a> <!-- navigator-link  -->
                </li>
                <li>
                  <a href="#" panel-name="reporter-Suite" class="navigator-link ">
                    <span>Reporter output</span>
                  </a> <!-- navigator-link  -->
                </li>
                <li>
                  <a href="#" panel-name="ignored-methods-Suite" class="navigator-link ">
                    <span>Ignored methods</span>
                  </a> <!-- navigator-link  -->
                </li>
                <li>
                  <a href="#" panel-name="chronological-Suite" class="navigator-link ">
                    <span>Chronological view</span>
                  </a> <!-- navigator-link  -->
                </li>
              </ul>
            </div> <!-- suite-section-content -->
            <div class="result-section">
              <div class="suite-section-title">
                <span>Results</span>
              </div> <!-- suite-section-title -->
              <div class="suite-section-content">
                <ul>
                  <li>
                    <span class="method-stats">13 methods, 2 failed,   11 passed</span>
                  </li>
                  <li>
                    <span class="method-list-title failed">Failed methods</span>
                    <span class="show-or-hide-methods failed">
                      <a href="#" panel-name="suite-Suite" class="hide-methods failed suite-Suite"> (hide)</a> <!-- hide-methods failed suite-Suite -->
                      <a href="#" panel-name="suite-Suite" class="show-methods failed suite-Suite"> (show)</a> <!-- show-methods failed suite-Suite -->
                    </span>
                    <div class="method-list-content failed suite-Suite">
                      <span>
                        <img src="failed.png" width="3%"/>
                        <a href="#" panel-name="suite-Suite" title="com.api.testing.RestAssuredTest.AppTest" class="method navigator-link" hash-for-method="testSignupWithExistingEmail">testSignupWithExistingEmail</a> <!-- method navigator-link -->
                      </span>
                      <br/>
                      <span>
                        <img src="failed.png" width="3%"/>
                        <a href="#" panel-name="suite-Suite" title="com.api.testing.RestAssuredTest.AppTest" class="method navigator-link" hash-for-method="testUserSignup">testUserSignup</a> <!-- method navigator-link -->
                      </span>
                      <br/>
                    </div> <!-- method-list-content failed suite-Suite -->
                  </li>
                  <li>
                    <span class="method-list-title passed">Passed methods</span>
                    <span class="show-or-hide-methods passed">
                      <a href="#" panel-name="suite-Suite" class="hide-methods passed suite-Suite"> (hide)</a> <!-- hide-methods passed suite-Suite -->
                      <a href="#" panel-name="suite-Suite" class="show-methods passed suite-Suite"> (show)</a> <!-- show-methods passed suite-Suite -->
                    </span>
                    <div class="method-list-content passed suite-Suite">
                      <span>
                        <img src="passed.png" width="3%"/>
                        <a href="#" panel-name="suite-Suite" title="com.api.testing.RestAssuredTest.AppTest" class="method navigator-link" hash-for-method="testCreateBook">testCreateBook</a> <!-- method navigator-link -->
                      </span>
                      <br/>
                      <span>
                        <img src="passed.png" width="3%"/>
                        <a href="#" panel-name="suite-Suite" title="com.api.testing.RestAssuredTest.AppTest" class="method navigator-link" hash-for-method="testCreateMultipleBooks(Book 4, Author 1, 2001, Summary 1)">testCreateMultipleBooks(Book 4, Author 1, 2001, Summary 1)</a> <!-- method navigator-link -->
                      </span>
                      <br/>
                      <span>
                        <img src="passed.png" width="3%"/>
                        <a href="#" panel-name="suite-Suite" title="com.api.testing.RestAssuredTest.AppTest" class="method navigator-link" hash-for-method="testCreateMultipleBooks(Book 2, Author 2, 2002, Summary 2)">testCreateMultipleBooks(Book 2, Author 2, 2002, Summary 2)</a> <!-- method navigator-link -->
                      </span>
                      <br/>
                      <span>
                        <img src="passed.png" width="3%"/>
                        <a href="#" panel-name="suite-Suite" title="com.api.testing.RestAssuredTest.AppTest" class="method navigator-link" hash-for-method="testCreateMultipleBooks(Book 3, Author 3, 2003, Summary 3)">testCreateMultipleBooks(Book 3, Author 3, 2003, Summary 3)</a> <!-- method navigator-link -->
                      </span>
                      <br/>
                      <span>
                        <img src="passed.png" width="3%"/>
                        <a href="#" panel-name="suite-Suite" title="com.api.testing.RestAssuredTest.AppTest" class="method navigator-link" hash-for-method="testDeleteBook">testDeleteBook</a> <!-- method navigator-link -->
                      </span>
                      <br/>
                      <span>
                        <img src="passed.png" width="3%"/>
                        <a href="#" panel-name="suite-Suite" title="com.api.testing.RestAssuredTest.AppTest" class="method navigator-link" hash-for-method="testGetBookById">testGetBookById</a> <!-- method navigator-link -->
                      </span>
                      <br/>
                      <span>
                        <img src="passed.png" width="3%"/>
                        <a href="#" panel-name="suite-Suite" title="com.api.testing.RestAssuredTest.AppTest" class="method navigator-link" hash-for-method="testGetBookWithInvalidId">testGetBookWithInvalidId</a> <!-- method navigator-link -->
                      </span>
                      <br/>
                      <span>
                        <img src="passed.png" width="3%"/>
                        <a href="#" panel-name="suite-Suite" title="com.api.testing.RestAssuredTest.AppTest" class="method navigator-link" hash-for-method="testInvalidLogin">testInvalidLogin</a> <!-- method navigator-link -->
                      </span>
                      <br/>
                      <span>
                        <img src="passed.png" width="3%"/>
                        <a href="#" panel-name="suite-Suite" title="com.api.testing.RestAssuredTest.AppTest" class="method navigator-link" hash-for-method="testLoginWithIncorrectPassword">testLoginWithIncorrectPassword</a> <!-- method navigator-link -->
                      </span>
                      <br/>
                      <span>
                        <img src="passed.png" width="3%"/>
                        <a href="#" panel-name="suite-Suite" title="com.api.testing.RestAssuredTest.AppTest" class="method navigator-link" hash-for-method="testUnauthorizedAccess">testUnauthorizedAccess</a> <!-- method navigator-link -->
                      </span>
                      <br/>
                      <span>
                        <img src="passed.png" width="3%"/>
                        <a href="#" panel-name="suite-Suite" title="com.api.testing.RestAssuredTest.AppTest" class="method navigator-link" hash-for-method="testUserLogin">testUserLogin</a> <!-- method navigator-link -->
                      </span>
                      <br/>
                    </div> <!-- method-list-content passed suite-Suite -->
                  </li>
                </ul>
              </div> <!-- suite-section-content -->
            </div> <!-- result-section -->
          </div> <!-- navigator-suite-content -->
        </div> <!-- rounded-window -->
      </div> <!-- suite -->
    </div> <!-- navigator-root -->
    <div class="wrapper">
      <div class="main-panel-root">
        <div panel-name="suite-Suite" class="panel Suite">
          <div class="suite-Suite-class-failed">
            <div class="main-panel-header rounded-window-top">
              <img src="failed.png"/>
              <span class="class-name">com.api.testing.RestAssuredTest.AppTest</span>
            </div> <!-- main-panel-header rounded-window-top -->
            <div class="main-panel-content rounded-window-bottom">
              <div class="method">
                <div class="method-content">
                  <a name="testSignupWithExistingEmail">
                  </a> <!-- testSignupWithExistingEmail -->
                  <span class="method-name">testSignupWithExistingEmail</span>
                  <div class="stack-trace">java.lang.AssertionError: 1 expectation failed.
Expected status code &lt;200&gt; but was &lt;400&gt;.

	at org.codehaus.groovy.runtime.callsite.ConstructorSite$ConstructorSiteNoUnwrapNoCoerce.callConstructor(ConstructorSite.java:108)
	at org.codehaus.groovy.runtime.callsite.AbstractCallSite.callConstructor(AbstractCallSite.java:277)
	at io.restassured.internal.ResponseSpecificationImpl$HamcrestAssertionClosure.validate(ResponseSpecificationImpl.groovy:512)
	at io.restassured.internal.ResponseSpecificationImpl$HamcrestAssertionClosure$validate$1.call(Unknown Source)
	at io.restassured.internal.ResponseSpecificationImpl.validateResponseIfRequired(ResponseSpecificationImpl.groovy:696)
	at io.restassured.internal.ResponseSpecificationImpl.this$2$validateResponseIfRequired(ResponseSpecificationImpl.groovy)
	at org.codehaus.groovy.runtime.callsite.PlainObjectMetaMethodSite.doInvoke(PlainObjectMetaMethodSite.java:43)
	at org.codehaus.groovy.runtime.callsite.PogoMetaMethodSite$PogoCachedMethodSiteNoUnwrapNoCoerce.invoke(PogoMetaMethodSite.java:198)
	at org.codehaus.groovy.runtime.callsite.PogoMetaMethodSite.callCurrent(PogoMetaMethodSite.java:62)
	at org.codehaus.groovy.runtime.callsite.AbstractCallSite.callCurrent(AbstractCallSite.java:185)
	at io.restassured.internal.ResponseSpecificationImpl.statusCode(ResponseSpecificationImpl.groovy:135)
	at io.restassured.specification.ResponseSpecification$statusCode$0.callCurrent(Unknown Source)
	at io.restassured.internal.ResponseSpecificationImpl.statusCode(ResponseSpecificationImpl.groovy:143)
	at io.restassured.internal.ValidatableResponseOptionsImpl.statusCode(ValidatableResponseOptionsImpl.java:89)
	at com.api.testing.RestAssuredTest.AppTest.testSignupWithExistingEmail(AppTest.java:199)
	at java.base/java.util.ArrayList.forEach(ArrayList.java:1511)
... Removed 41 stack frames
</div> <!-- stack-trace -->
                </div> <!-- method-content -->
              </div> <!-- method -->
              <div class="method">
                <div class="method-content">
                  <a name="testUserSignup">
                  </a> <!-- testUserSignup -->
                  <span class="method-name">testUserSignup</span>
                  <div class="stack-trace">java.lang.AssertionError: 1 expectation failed.
Expected status code &lt;200&gt; but was &lt;400&gt;.

	at org.codehaus.groovy.runtime.callsite.ConstructorSite$ConstructorSiteNoUnwrapNoCoerce.callConstructor(ConstructorSite.java:108)
	at org.codehaus.groovy.runtime.callsite.CallSiteArray.defaultCallConstructor(CallSiteArray.java:57)
	at org.codehaus.groovy.runtime.callsite.AbstractCallSite.callConstructor(AbstractCallSite.java:263)
	at org.codehaus.groovy.runtime.callsite.AbstractCallSite.callConstructor(AbstractCallSite.java:277)
	at io.restassured.internal.ResponseSpecificationImpl$HamcrestAssertionClosure.validate(ResponseSpecificationImpl.groovy:512)
	at io.restassured.internal.ResponseSpecificationImpl$HamcrestAssertionClosure$validate$1.call(Unknown Source)
	at org.codehaus.groovy.runtime.callsite.CallSiteArray.defaultCall(CallSiteArray.java:45)
	at org.codehaus.groovy.runtime.callsite.AbstractCallSite.call(AbstractCallSite.java:125)
	at org.codehaus.groovy.runtime.callsite.AbstractCallSite.call(AbstractCallSite.java:139)
	at io.restassured.internal.ResponseSpecificationImpl.validateResponseIfRequired(ResponseSpecificationImpl.groovy:696)
	at io.restassured.internal.ResponseSpecificationImpl.this$2$validateResponseIfRequired(ResponseSpecificationImpl.groovy)
	at org.codehaus.groovy.runtime.callsite.PlainObjectMetaMethodSite.doInvoke(PlainObjectMetaMethodSite.java:43)
	at org.codehaus.groovy.runtime.callsite.PogoMetaMethodSite$PogoCachedMethodSiteNoUnwrapNoCoerce.invoke(PogoMetaMethodSite.java:198)
	at org.codehaus.groovy.runtime.callsite.PogoMetaMethodSite.callCurrent(PogoMetaMethodSite.java:62)
	at org.codehaus.groovy.runtime.callsite.CallSiteArray.defaultCallCurrent(CallSiteArray.java:49)
	at org.codehaus.groovy.runtime.callsite.AbstractCallSite.callCurrent(AbstractCallSite.java:171)
	at org.codehaus.groovy.runtime.callsite.AbstractCallSite.callCurrent(AbstractCallSite.java:185)
	at io.restassured.internal.ResponseSpecificationImpl.statusCode(ResponseSpecificationImpl.groovy:135)
	at io.restassured.specification.ResponseSpecification$statusCode$0.callCurrent(Unknown Source)
	at org.codehaus.groovy.runtime.callsite.CallSiteArray.defaultCallCurrent(CallSiteArray.java:49)
	at org.codehaus.groovy.runtime.callsite.AbstractCallSite.callCurrent(AbstractCallSite.java:171)
	at org.codehaus.groovy.runtime.callsite.AbstractCallSite.callCurrent(AbstractCallSite.java:185)
	at io.restassured.internal.ResponseSpecificationImpl.statusCode(ResponseSpecificationImpl.groovy:143)
	at io.restassured.internal.ValidatableResponseOptionsImpl.statusCode(ValidatableResponseOptionsImpl.java:89)
	at com.api.testing.RestAssuredTest.AppTest.testUserSignup(AppTest.java:51)
	at java.base/java.util.ArrayList.forEach(ArrayList.java:1511)
... Removed 41 stack frames
</div> <!-- stack-trace -->
                </div> <!-- method-content -->
              </div> <!-- method -->
            </div> <!-- main-panel-content rounded-window-bottom -->
          </div> <!-- suite-Suite-class-failed -->
          <div class="suite-Suite-class-passed">
            <div class="main-panel-header rounded-window-top">
              <img src="passed.png"/>
              <span class="class-name">com.api.testing.RestAssuredTest.AppTest</span>
            </div> <!-- main-panel-header rounded-window-top -->
            <div class="main-panel-content rounded-window-bottom">
              <div class="method">
                <div class="method-content">
                  <a name="testCreateBook">
                  </a> <!-- testCreateBook -->
                  <span class="method-name">testCreateBook</span>
                </div> <!-- method-content -->
              </div> <!-- method -->
              <div class="method">
                <div class="method-content">
                  <a name="testCreateMultipleBooks(Book 4, Author 1, 2001, Summary 1)">
                  </a> <!-- testCreateMultipleBooks(Book 4, Author 1, 2001, Summary 1) -->
                  <span class="method-name">testCreateMultipleBooks</span>
                  <span class="parameters">(Book 4,Author 1,2001,Summary 1)</span>
                </div> <!-- method-content -->
              </div> <!-- method -->
              <div class="method">
                <div class="method-content">
                  <a name="testCreateMultipleBooks(Book 2, Author 2, 2002, Summary 2)">
                  </a> <!-- testCreateMultipleBooks(Book 2, Author 2, 2002, Summary 2) -->
                  <span class="method-name">testCreateMultipleBooks</span>
                  <span class="parameters">(Book 2,Author 2,2002,Summary 2)</span>
                </div> <!-- method-content -->
              </div> <!-- method -->
              <div class="method">
                <div class="method-content">
                  <a name="testCreateMultipleBooks(Book 3, Author 3, 2003, Summary 3)">
                  </a> <!-- testCreateMultipleBooks(Book 3, Author 3, 2003, Summary 3) -->
                  <span class="method-name">testCreateMultipleBooks</span>
                  <span class="parameters">(Book 3,Author 3,2003,Summary 3)</span>
                </div> <!-- method-content -->
              </div> <!-- method -->
              <div class="method">
                <div class="method-content">
                  <a name="testDeleteBook">
                  </a> <!-- testDeleteBook -->
                  <span class="method-name">testDeleteBook</span>
                </div> <!-- method-content -->
              </div> <!-- method -->
              <div class="method">
                <div class="method-content">
                  <a name="testGetBookById">
                  </a> <!-- testGetBookById -->
                  <span class="method-name">testGetBookById</span>
                </div> <!-- method-content -->
              </div> <!-- method -->
              <div class="method">
                <div class="method-content">
                  <a name="testGetBookWithInvalidId">
                  </a> <!-- testGetBookWithInvalidId -->
                  <span class="method-name">testGetBookWithInvalidId</span>
                </div> <!-- method-content -->
              </div> <!-- method -->
              <div class="method">
                <div class="method-content">
                  <a name="testInvalidLogin">
                  </a> <!-- testInvalidLogin -->
                  <span class="method-name">testInvalidLogin</span>
                </div> <!-- method-content -->
              </div> <!-- method -->
              <div class="method">
                <div class="method-content">
                  <a name="testLoginWithIncorrectPassword">
                  </a> <!-- testLoginWithIncorrectPassword -->
                  <span class="method-name">testLoginWithIncorrectPassword</span>
                </div> <!-- method-content -->
              </div> <!-- method -->
              <div class="method">
                <div class="method-content">
                  <a name="testUnauthorizedAccess">
                  </a> <!-- testUnauthorizedAccess -->
                  <span class="method-name">testUnauthorizedAccess</span>
                </div> <!-- method-content -->
              </div> <!-- method -->
              <div class="method">
                <div class="method-content">
                  <a name="testUserLogin">
                  </a> <!-- testUserLogin -->
                  <span class="method-name">testUserLogin</span>
                </div> <!-- method-content -->
              </div> <!-- method -->
            </div> <!-- main-panel-content rounded-window-bottom -->
          </div> <!-- suite-Suite-class-passed -->
        </div> <!-- panel Suite -->
        <div panel-name="test-xml-Suite" class="panel">
          <div class="main-panel-header rounded-window-top">
            <span class="header-content">C:\Users\Prem\Desktop\API_Automation\RestAssuredTest\src\test\resources\testng.xml</span>
          </div> <!-- main-panel-header rounded-window-top -->
          <div class="main-panel-content rounded-window-bottom">
            <pre>
&lt;?xml version=&quot;1.0&quot; encoding=&quot;UTF-8&quot;?&gt;
&lt;!DOCTYPE suite SYSTEM &quot;https://testng.org/testng-1.0.dtd&quot;&gt;
&lt;suite name=&quot;Suite&quot; guice-stage=&quot;DEVELOPMENT&quot; verbose=&quot;0&quot;&gt;
  &lt;test thread-count=&quot;5&quot; name=&quot;Test&quot; verbose=&quot;0&quot;&gt;
    &lt;classes&gt;
      &lt;class name=&quot;com.api.testing.RestAssuredTest.AppTest&quot;/&gt;
    &lt;/classes&gt;
  &lt;/test&gt; &lt;!-- Test --&gt;
&lt;/suite&gt; &lt;!-- Suite --&gt;
            </pre>
          </div> <!-- main-panel-content rounded-window-bottom -->
        </div> <!-- panel -->
        <div panel-name="testlist-Suite" class="panel">
          <div class="main-panel-header rounded-window-top">
            <span class="header-content">Tests for Suite</span>
          </div> <!-- main-panel-header rounded-window-top -->
          <div class="main-panel-content rounded-window-bottom">
            <ul>
              <li>
                <span class="test-name">Test (1 class)</span>
              </li>
            </ul>
          </div> <!-- main-panel-content rounded-window-bottom -->
        </div> <!-- panel -->
        <div panel-name="group-Suite" class="panel">
          <div class="main-panel-header rounded-window-top">
            <span class="header-content">Groups for Suite</span>
          </div> <!-- main-panel-header rounded-window-top -->
          <div class="main-panel-content rounded-window-bottom">
          </div> <!-- main-panel-content rounded-window-bottom -->
        </div> <!-- panel -->
        <div panel-name="times-Suite" class="panel">
          <div class="main-panel-header rounded-window-top">
            <span class="header-content">Times for Suite</span>
          </div> <!-- main-panel-header rounded-window-top -->
          <div class="main-panel-content rounded-window-bottom">
            <div class="times-div">
              <script type="text/javascript">
suiteTableInitFunctions.push('tableData_Suite');
function tableData_Suite() {
var data = new google.visualization.DataTable();
data.addColumn('number', 'Number');
data.addColumn('string', 'Method');
data.addColumn('string', 'Class');
data.addColumn('number', 'Time (ms)');
data.addRows(13);
data.setCell(0, 0, 0)
data.setCell(0, 1, 'testUserSignup')
data.setCell(0, 2, 'com.api.testing.RestAssuredTest.AppTest')
data.setCell(0, 3, 1328);
data.setCell(1, 0, 1)
data.setCell(1, 1, 'testUserLogin')
data.setCell(1, 2, 'com.api.testing.RestAssuredTest.AppTest')
data.setCell(1, 3, 1201);
data.setCell(2, 0, 2)
data.setCell(2, 1, 'testLoginWithIncorrectPassword')
data.setCell(2, 2, 'com.api.testing.RestAssuredTest.AppTest')
data.setCell(2, 3, 369);
data.setCell(3, 0, 3)
data.setCell(3, 1, 'testCreateBook')
data.setCell(3, 2, 'com.api.testing.RestAssuredTest.AppTest')
data.setCell(3, 3, 59);
data.setCell(4, 0, 4)
data.setCell(4, 1, 'testGetBookById')
data.setCell(4, 2, 'com.api.testing.RestAssuredTest.AppTest')
data.setCell(4, 3, 40);
data.setCell(5, 0, 5)
data.setCell(5, 1, 'testCreateMultipleBooks')
data.setCell(5, 2, 'com.api.testing.RestAssuredTest.AppTest')
data.setCell(5, 3, 23);
data.setCell(6, 0, 6)
data.setCell(6, 1, 'testGetBookWithInvalidId')
data.setCell(6, 2, 'com.api.testing.RestAssuredTest.AppTest')
data.setCell(6, 3, 22);
data.setCell(7, 0, 7)
data.setCell(7, 1, 'testDeleteBook')
data.setCell(7, 2, 'com.api.testing.RestAssuredTest.AppTest')
data.setCell(7, 3, 21);
data.setCell(8, 0, 8)
data.setCell(8, 1, 'testInvalidLogin')
data.setCell(8, 2, 'com.api.testing.RestAssuredTest.AppTest')
data.setCell(8, 3, 20);
data.setCell(9, 0, 9)
data.setCell(9, 1, 'testCreateMultipleBooks')
data.setCell(9, 2, 'com.api.testing.RestAssuredTest.AppTest')
data.setCell(9, 3, 19);
data.setCell(10, 0, 10)
data.setCell(10, 1, 'testCreateMultipleBooks')
data.setCell(10, 2, 'com.api.testing.RestAssuredTest.AppTest')
data.setCell(10, 3, 18);
data.setCell(11, 0, 11)
data.setCell(11, 1, 'testSignupWithExistingEmail')
data.setCell(11, 2, 'com.api.testing.RestAssuredTest.AppTest')
data.setCell(11, 3, 15);
data.setCell(12, 0, 12)
data.setCell(12, 1, 'testUnauthorizedAccess')
data.setCell(12, 2, 'com.api.testing.RestAssuredTest.AppTest')
data.setCell(12, 3, 12);
window.suiteTableData['Suite']= { tableData: data, tableDiv: 'times-div-Suite'}
return data;
}
              </script>
              <span class="suite-total-time">Total running time: 3 seconds</span>
              <div id="times-div-Suite">
              </div> <!-- times-div-Suite -->
            </div> <!-- times-div -->
          </div> <!-- main-panel-content rounded-window-bottom -->
        </div> <!-- panel -->
        <div panel-name="reporter-Suite" class="panel">
          <div class="main-panel-header rounded-window-top">
            <span class="header-content">Reporter output for Suite</span>
          </div> <!-- main-panel-header rounded-window-top -->
          <div class="main-panel-content rounded-window-bottom">
          </div> <!-- main-panel-content rounded-window-bottom -->
        </div> <!-- panel -->
        <div panel-name="ignored-methods-Suite" class="panel">
          <div class="main-panel-header rounded-window-top">
            <span class="header-content">0 ignored methods</span>
          </div> <!-- main-panel-header rounded-window-top -->
          <div class="main-panel-content rounded-window-bottom">
          </div> <!-- main-panel-content rounded-window-bottom -->
        </div> <!-- panel -->
        <div panel-name="chronological-Suite" class="panel">
          <div class="main-panel-header rounded-window-top">
            <span class="header-content">Methods in chronological order</span>
          </div> <!-- main-panel-header rounded-window-top -->
          <div class="main-panel-content rounded-window-bottom">
            <div class="chronological-class">
              <div class="chronological-class-name">com.api.testing.RestAssuredTest.AppTest</div> <!-- chronological-class-name -->
              <div class="configuration-class before">
                <span class="method-name">setup</span>
                <span class="method-start">0 ms</span>
              </div> <!-- configuration-class before -->
              <div class="test-method">
                <img src="failed.png">
                </img>
                <span class="method-name">testUserSignup</span>
                <span class="method-start">647 ms</span>
              </div> <!-- test-method -->
              <div class="configuration-method after">
                <span class="method-name">logTestResult([TestResult name=testUserSignup status=FAILURE method=AppTest.testUserSignup()[pri:1, instance:com.a...)</span>
                <span class="method-start">1985 ms</span>
              </div> <!-- configuration-method after -->
              <div class="test-method">
                <span class="method-name">testUserLogin</span>
                <span class="method-start">1995 ms</span>
              </div> <!-- test-method -->
              <div class="configuration-method after">
                <span class="method-name">logTestResult([TestResult name=testUserLogin status=SUCCESS method=AppTest.testUserLogin()[pri:2, instance:com.api...)</span>
                <span class="method-start">3198 ms</span>
              </div> <!-- configuration-method after -->
              <div class="test-method">
                <span class="method-name">testCreateBook</span>
                <span class="method-start">3202 ms</span>
              </div> <!-- test-method -->
              <div class="configuration-method after">
                <span class="method-name">logTestResult([TestResult name=testCreateBook status=SUCCESS method=AppTest.testCreateBook()[pri:3, instance:com.a...)</span>
                <span class="method-start">3263 ms</span>
              </div> <!-- configuration-method after -->
              <div class="test-method">
                <span class="method-name">testGetBookById</span>
                <span class="method-start">3265 ms</span>
              </div> <!-- test-method -->
              <div class="configuration-method after">
                <span class="method-name">logTestResult([TestResult name=testGetBookById status=SUCCESS method=AppTest.testGetBookById()[pri:4, instance:com...)</span>
                <span class="method-start">3306 ms</span>
              </div> <!-- configuration-method after -->
              <div class="test-method">
                <span class="method-name">testDeleteBook</span>
                <span class="method-start">3308 ms</span>
              </div> <!-- test-method -->
              <div class="configuration-method after">
                <span class="method-name">logTestResult([TestResult name=testDeleteBook status=SUCCESS method=AppTest.testDeleteBook()[pri:5, instance:com.a...)</span>
                <span class="method-start">3329 ms</span>
              </div> <!-- configuration-method after -->
              <div class="test-method">
                <span class="method-name">testInvalidLogin</span>
                <span class="method-start">3331 ms</span>
              </div> <!-- test-method -->
              <div class="configuration-method after">
                <span class="method-name">logTestResult([TestResult name=testInvalidLogin status=SUCCESS method=AppTest.testInvalidLogin()[pri:6, instance:c...)</span>
                <span class="method-start">3352 ms</span>
              </div> <!-- configuration-method after -->
              <div class="test-method">
                <span class="method-name">testUnauthorizedAccess</span>
                <span class="method-start">3353 ms</span>
              </div> <!-- test-method -->
              <div class="configuration-method after">
                <span class="method-name">logTestResult([TestResult name=testUnauthorizedAccess status=SUCCESS method=AppTest.testUnauthorizedAccess()[pri:7...)</span>
                <span class="method-start">3366 ms</span>
              </div> <!-- configuration-method after -->
              <div class="test-method">
                <span class="method-name">testCreateMultipleBooks(Book 4, Author 1, 2001, Summary 1)</span>
                <span class="method-start">3370 ms</span>
              </div> <!-- test-method -->
              <div class="configuration-method after">
                <span class="method-name">logTestResult([TestResult name=testCreateMultipleBooks status=SUCCESS method=AppTest.testCreateMultipleBooks(java....)</span>
                <span class="method-start">3394 ms</span>
              </div> <!-- configuration-method after -->
              <div class="test-method">
                <span class="method-name">testCreateMultipleBooks(Book 2, Author 2, 2002, Summary 2)</span>
                <span class="method-start">3394 ms</span>
              </div> <!-- test-method -->
              <div class="configuration-method after">
                <span class="method-name">logTestResult([TestResult name=testCreateMultipleBooks status=SUCCESS method=AppTest.testCreateMultipleBooks(java....)</span>
                <span class="method-start">3412 ms</span>
              </div> <!-- configuration-method after -->
              <div class="test-method">
                <span class="method-name">testCreateMultipleBooks(Book 3, Author 3, 2003, Summary 3)</span>
                <span class="method-start">3413 ms</span>
              </div> <!-- test-method -->
              <div class="configuration-method after">
                <span class="method-name">logTestResult([TestResult name=testCreateMultipleBooks status=SUCCESS method=AppTest.testCreateMultipleBooks(java....)</span>
                <span class="method-start">3433 ms</span>
              </div> <!-- configuration-method after -->
              <div class="test-method">
                <img src="failed.png">
                </img>
                <span class="method-name">testSignupWithExistingEmail</span>
                <span class="method-start">3434 ms</span>
              </div> <!-- test-method -->
              <div class="configuration-method after">
                <span class="method-name">logTestResult([TestResult name=testSignupWithExistingEmail status=FAILURE method=AppTest.testSignupWithExistingEma...)</span>
                <span class="method-start">3450 ms</span>
              </div> <!-- configuration-method after -->
              <div class="test-method">
                <span class="method-name">testLoginWithIncorrectPassword</span>
                <span class="method-start">3452 ms</span>
              </div> <!-- test-method -->
              <div class="configuration-method after">
                <span class="method-name">logTestResult([TestResult name=testLoginWithIncorrectPassword status=SUCCESS method=AppTest.testLoginWithIncorrect...)</span>
                <span class="method-start">3821 ms</span>
              </div> <!-- configuration-method after -->
              <div class="test-method">
                <span class="method-name">testGetBookWithInvalidId</span>
                <span class="method-start">3822 ms</span>
              </div> <!-- test-method -->
              <div class="configuration-method after">
                <span class="method-name">logTestResult([TestResult name=testGetBookWithInvalidId status=SUCCESS method=AppTest.testGetBookWithInvalidId()[p...)</span>
                <span class="method-start">3845 ms</span>
              </div> <!-- configuration-method after -->
              <div class="configuration-class after">
                <span class="method-name">tearDown</span>
                <span class="method-start">3846 ms</span>
              </div> <!-- configuration-class after -->
          </div> <!-- main-panel-content rounded-window-bottom -->
        </div> <!-- panel -->
      </div> <!-- main-panel-root -->
    </div> <!-- wrapper -->
  </body>
<script type="text/javascript" src="testng-reports2.js"></script>
</html>
